Arguments: 
  /usr/bin/node /usr/share/yarn/bin/yarn.js add @expo-image-picker

PATH: 
  /home/tavares/.zinit/polaris/sbin:/home/tavares/.zinit/polaris/bin:/usr/local/sbin:/usr/local/bin:/usr/sbin:/usr/bin:/sbin:/bin:/usr/games:/usr/local/games:/snap/binNDROID_HOME/emulatorNDROID_HOME/toolsNDROID_HOME/tools/binNDROID_HOME/ndkNDROID_HOME/ndk-bundleNDROID_HOME/cmdline-toolsNDROID_HOME/platform-tools:/home/tavares/android-studio/bin:/opt/yarn-1.22.5/bin:/home/tavares/.yarn/binNDROID_HOME/emulatorNDROID_HOME/toolsNDROID_HOME/tools/binNDROID_HOME/ndkNDROID_HOME/ndk-bundleNDROID_HOME/cmdline-toolsNDROID_HOME/platform-tools:/home/tavares/android-studio/bin:/opt/yarn-1.22.5/bin:/home/tavares/.yarn/bin

Yarn version: 
  1.22.5

Node version: 
  12.20.0

Platform: 
  linux x64

Trace: 
  Error: https://registry.yarnpkg.com/@expo-image-picker: Request "https://registry.yarnpkg.com/@expo-image-picker" returned a 405
      at Request.params.callback [as _callback] (/usr/share/yarn/lib/cli.js:66997:18)
      at Request.self.callback (/usr/share/yarn/lib/cli.js:140749:22)
      at Request.emit (events.js:314:20)
      at Request.<anonymous> (/usr/share/yarn/lib/cli.js:141721:10)
      at Request.emit (events.js:314:20)
      at IncomingMessage.<anonymous> (/usr/share/yarn/lib/cli.js:141643:12)
      at Object.onceWrapper (events.js:420:28)
      at IncomingMessage.emit (events.js:326:22)
      at endReadableNT (_stream_readable.js:1241:12)
      at processTicksAndRejections (internal/process/task_queues.js:84:21)

npm manifest: 
  {
    "dependencies": {
      "expo-image-picker": "^9.2.1"
    }
  }

yarn manifest: 
  No manifest

Lockfile: 
  # THIS IS AN AUTOGENERATED FILE. DO NOT EDIT THIS FILE DIRECTLY.
  # yarn lockfile v1
  
  
  expo-image-picker@^9.2.1:
    version "9.2.1"
    resolved "https://registry.yarnpkg.com/expo-image-picker/-/expo-image-picker-9.2.1.tgz#113a46bfc8ef9bf675e8700b1bf7b8472f4de516"
    integrity sha512-IPrBY7+zgxUUZqjtLVfj+PTKMm6lmI48Z9b8BKJhY/gF49g/cDZwWN0mrg+3G3a3ug5TtIr+pektsNWp1V+T1g==
    dependencies:
      expo-permissions "~10.0.0"
      uuid "7.0.2"
  
  expo-permissions@~10.0.0:
    version "10.0.0"
    resolved "https://registry.yarnpkg.com/expo-permissions/-/expo-permissions-10.0.0.tgz#5b31c54d561d00c7e46cd02321bc3704c51c584b"
    integrity sha512-b6oitd4JmFdQ7DxczZ2WRS9aDyqgVM7lEhy3JyKZ2dbU19C6NyHyLCcwssZgfzOfGnp2owoaWn3KU4zdrF5MIA==
  
  uuid@7.0.2:
    version "7.0.2"
    resolved "https://registry.yarnpkg.com/uuid/-/uuid-7.0.2.tgz#7ff5c203467e91f5e0d85cfcbaaf7d2ebbca9be6"
    integrity sha512-vy9V/+pKG+5ZTYKf+VcphF5Oc6EFiu3W8Nv3P3zIh0EqVI80ZxOzuPfe9EHjkFNvf8+xuTHVeei4Drydlx4zjw==
